app/build/intermediates/manifest_merge_blame_file/devDebug/processDevDebugMainManifest/manifest-merger-blame-dev-debug-report.txt
1<?xml version="1.0" encoding="utf-8"?>
2<manifest xmlns:android="http://schemas.android.com/apk/res/android"
3    package="com.example.interviewstarter.compose.dev"
4    android:versionCode="1"
5    android:versionName="1.0-dev" >
6
7    <uses-sdk
8        android:minSdkVersion="24"
9        android:targetSdkVersion="36" />
10
11    <uses-permission android:name="android.permission.INTERNET" />
11-->src/main/AndroidManifest.xml:3:5-67
11-->src/main/AndroidManifest.xml:3:22-64
12    <uses-permission android:name="android.permission.ACCESS_NETWORK_STATE" />
12-->src/main/AndroidManifest.xml:4:5-79
12-->src/main/AndroidManifest.xml:4:22-76
13    <uses-permission android:name="android.permission.WAKE_LOCK" />
13-->[androidx.work:work-runtime:2.11.2] AndroidManifest.xml:23:5-68
13-->[androidx.work:work-runtime:2.11.2] AndroidManifest.xml:23:22-65
14    <uses-permission android:name="android.permission.RECEIVE_BOOT_COMPLETED" />
14-->[androidx.work:work-runtime:2.11.2] AndroidManifest.xml:25:5-81
14-->[androidx.work:work-runtime:2.11.2] AndroidManifest.xml:25:22-78
15    <uses-permission android:name="android.permission.FOREGROUND_SERVICE" />
15-->[androidx.work:work-runtime:2.11.2] AndroidManifest.xml:26:5-77
15-->[androidx.work:work-runtime:2.11.2] AndroidManifest.xml:26:22-74
16
17    <permission
17-->[androidx.core:core:1.18.0] AndroidManifest.xml:22:5-24:47
18        android:name="com.example.interviewstarter.compose.dev.DYNAMIC_RECEIVER_NOT_EXPORTED_PERMISSION"
18-->[androidx.core:core:1.18.0] AndroidManifest.xml:23:9-81
19        android:protectionLevel="signature" />
19-->[androidx.core:core:1.18.0] AndroidManifest.xml:24:9-44
20
21    <uses-permission android:name="com.example.interviewstarter.compose.dev.DYNAMIC_RECEIVER_NOT_EXPORTED_PERMISSION" />
21-->[androidx.core:core:1.18.0] AndroidManifest.xml:26:5-97
21-->[androidx.core:core:1.18.0] AndroidManifest.xml:26:22-94
22
23    <application
23-->src/main/AndroidManifest.xml:6:5-28:19
24        android:name="com.example.interviewstarter.InterviewStarterApp"
24-->src/main/AndroidManifest.xml:7:9-44
25        android:allowBackup="true"
25-->src/main/AndroidManifest.xml:8:9-35
26        android:appComponentFactory="androidx.core.app.CoreComponentFactory"
26-->[androidx.core:core:1.18.0] AndroidManifest.xml:28:18-86
27        android:debuggable="true"
28        android:extractNativeLibs="false"
29        android:label="@string/app_name"
29-->src/main/AndroidManifest.xml:9:9-41
30        android:supportsRtl="true"
30-->src/main/AndroidManifest.xml:10:9-35
31        android:theme="@style/Theme.InterviewStarter" >
31-->src/main/AndroidManifest.xml:11:9-54
32        <activity
32-->src/main/AndroidManifest.xml:13:9-26:20
33            android:name="com.example.interviewstarter.presentation.main.MainActivity"
33-->src/main/AndroidManifest.xml:14:13-59
34            android:exported="true" >
34-->src/main/AndroidManifest.xml:15:13-36
35            <intent-filter>
35-->src/main/AndroidManifest.xml:16:13-19:29
36                <action android:name="android.intent.action.MAIN" />
36-->src/main/AndroidManifest.xml:17:17-69
36-->src/main/AndroidManifest.xml:17:25-66
37
38                <category android:name="android.intent.category.LAUNCHER" />
38-->src/main/AndroidManifest.xml:18:17-77
38-->src/main/AndroidManifest.xml:18:27-74
39            </intent-filter>
40            <intent-filter>
40-->src/main/AndroidManifest.xml:20:13-25:29
41                <action android:name="android.intent.action.VIEW" />
41-->src/main/AndroidManifest.xml:21:17-69
41-->src/main/AndroidManifest.xml:21:25-66
42
43                <category android:name="android.intent.category.DEFAULT" />
43-->src/main/AndroidManifest.xml:22:17-76
43-->src/main/AndroidManifest.xml:22:27-73
44                <category android:name="android.intent.category.BROWSABLE" />
44-->src/main/AndroidManifest.xml:23:17-78
44-->src/main/AndroidManifest.xml:23:27-75
45
46                <data
46-->src/main/AndroidManifest.xml:24:17-75
47                    android:host="article"
47-->src/main/AndroidManifest.xml:24:50-72
48                    android:scheme="techpulse" />
48-->src/main/AndroidManifest.xml:24:23-49
49            </intent-filter>
50        </activity>
51
52        <provider
52-->[androidx.work:work-runtime:2.11.2] AndroidManifest.xml:29:9-37:20
53            android:name="androidx.startup.InitializationProvider"
53-->[androidx.work:work-runtime:2.11.2] AndroidManifest.xml:30:13-67
54            android:authorities="com.example.interviewstarter.compose.dev.androidx-startup"
54-->[androidx.work:work-runtime:2.11.2] AndroidManifest.xml:31:13-68
55            android:exported="false" >
55-->[androidx.work:work-runtime:2.11.2] AndroidManifest.xml:32:13-37
56            <meta-data
56-->[androidx.work:work-runtime:2.11.2] AndroidManifest.xml:34:13-36:52
57                android:name="androidx.work.WorkManagerInitializer"
57-->[androidx.work:work-runtime:2.11.2] AndroidManifest.xml:35:17-68
58                android:value="androidx.startup" />
58-->[androidx.work:work-runtime:2.11.2] AndroidManifest.xml:36:17-49
59            <meta-data
59-->[androidx.emoji2:emoji2:1.4.0] AndroidManifest.xml:29:13-31:52
60                android:name="androidx.emoji2.text.EmojiCompatInitializer"
60-->[androidx.emoji2:emoji2:1.4.0] AndroidManifest.xml:30:17-75
61                android:value="androidx.startup" />
61-->[androidx.emoji2:emoji2:1.4.0] AndroidManifest.xml:31:17-49
62            <meta-data
62-->[androidx.lifecycle:lifecycle-process:2.10.0] AndroidManifest.xml:29:13-31:52
63                android:name="androidx.lifecycle.ProcessLifecycleInitializer"
63-->[androidx.lifecycle:lifecycle-process:2.10.0] AndroidManifest.xml:30:17-78
64                android:value="androidx.startup" />
64-->[androidx.lifecycle:lifecycle-process:2.10.0] AndroidManifest.xml:31:17-49
65            <meta-data
65-->[androidx.profileinstaller:profileinstaller:1.4.0] AndroidManifest.xml:29:13-31:52
66                android:name="androidx.profileinstaller.ProfileInstallerInitializer"
66-->[androidx.profileinstaller:profileinstaller:1.4.0] AndroidManifest.xml:30:17-85
67                android:value="androidx.startup" />
67-->[androidx.profileinstaller:profileinstaller:1.4.0] AndroidManifest.xml:31:17-49
68        </provider>
69
70        <service
70-->[androidx.work:work-runtime:2.11.2] AndroidManifest.xml:39:9-45:35
71            android:name="androidx.work.impl.background.systemjob.SystemJobService"
71-->[androidx.work:work-runtime:2.11.2] AndroidManifest.xml:40:13-84
72            android:directBootAware="false"
72-->[androidx.work:work-runtime:2.11.2] AndroidManifest.xml:41:13-44
73            android:enabled="@bool/enable_system_job_service_default"
73-->[androidx.work:work-runtime:2.11.2] AndroidManifest.xml:42:13-70
74            android:exported="true"
74-->[androidx.work:work-runtime:2.11.2] AndroidManifest.xml:43:13-36
75            android:permission="android.permission.BIND_JOB_SERVICE" />
75-->[androidx.work:work-runtime:2.11.2] AndroidManifest.xml:44:13-69
76        <service
76-->[androidx.work:work-runtime:2.11.2] AndroidManifest.xml:46:9-52:35
77            android:name="androidx.work.impl.foreground.SystemForegroundService"
77-->[androidx.work:work-runtime:2.11.2] AndroidManifest.xml:47:13-81
78            android:directBootAware="false"
78-->[androidx.work:work-runtime:2.11.2] AndroidManifest.xml:48:13-44
79            android:enabled="@bool/enable_system_foreground_service_default"
79-->[androidx.work:work-runtime:2.11.2] AndroidManifest.xml:49:13-77
80            android:exported="false" />
80-->[androidx.work:work-runtime:2.11.2] AndroidManifest.xml:50:13-37
81
82        <receiver
82-->[androidx.work:work-runtime:2.11.2] AndroidManifest.xml:54:9-59:35
83            android:name="androidx.work.impl.utils.ForceStopRunnable$BroadcastReceiver"
83-->[androidx.work:work-runtime:2.11.2] AndroidManifest.xml:55:13-88
84            android:directBootAware="false"
84-->[androidx.work:work-runtime:2.11.2] AndroidManifest.xml:56:13-44
85            android:enabled="true"
85-->[androidx.work:work-runtime:2.11.2] AndroidManifest.xml:57:13-35
86            android:exported="false" />
86-->[androidx.work:work-runtime:2.11.2] AndroidManifest.xml:58:13-37
87        <receiver
87-->[androidx.work:work-runtime:2.11.2] AndroidManifest.xml:60:9-69:20
88            android:name="androidx.work.impl.background.systemalarm.RescheduleReceiver"
88-->[androidx.work:work-runtime:2.11.2] AndroidManifest.xml:61:13-88
89            android:directBootAware="false"
89-->[androidx.work:work-runtime:2.11.2] AndroidManifest.xml:62:13-44
90            android:enabled="false"
90-->[androidx.work:work-runtime:2.11.2] AndroidManifest.xml:63:13-36
91            android:exported="false" >
91-->[androidx.work:work-runtime:2.11.2] AndroidManifest.xml:64:13-37
92            <intent-filter>
92-->[androidx.work:work-runtime:2.11.2] AndroidManifest.xml:66:13-68:29
93                <action android:name="android.intent.action.BOOT_COMPLETED" />
93-->[androidx.work:work-runtime:2.11.2] AndroidManifest.xml:67:17-79
93-->[androidx.work:work-runtime:2.11.2] AndroidManifest.xml:67:25-76
94            </intent-filter>
95        </receiver>
96        <receiver
96-->[androidx.work:work-runtime:2.11.2] AndroidManifest.xml:70:9-80:20
97            android:name="androidx.work.impl.diagnostics.DiagnosticsReceiver"
97-->[androidx.work:work-runtime:2.11.2] AndroidManifest.xml:71:13-78
98            android:directBootAware="false"
98-->[androidx.work:work-runtime:2.11.2] AndroidManifest.xml:72:13-44
99            android:enabled="true"
99-->[androidx.work:work-runtime:2.11.2] AndroidManifest.xml:73:13-35
100            android:exported="true"
100-->[androidx.work:work-runtime:2.11.2] AndroidManifest.xml:74:13-36
101            android:permission="android.permission.DUMP" >
101-->[androidx.work:work-runtime:2.11.2] AndroidManifest.xml:75:13-57
102            <intent-filter>
102-->[androidx.work:work-runtime:2.11.2] AndroidManifest.xml:77:13-79:29
103                <action android:name="androidx.work.diagnostics.REQUEST_DIAGNOSTICS" />
103-->[androidx.work:work-runtime:2.11.2] AndroidManifest.xml:78:17-88
103-->[androidx.work:work-runtime:2.11.2] AndroidManifest.xml:78:25-85
104            </intent-filter>
105        </receiver>
106
107        <service
107-->[androidx.room:room-runtime-android:2.8.4] AndroidManifest.xml:24:9-28:63
108            android:name="androidx.room.MultiInstanceInvalidationService"
108-->[androidx.room:room-runtime-android:2.8.4] AndroidManifest.xml:25:13-74
109            android:directBootAware="true"
109-->[androidx.room:room-runtime-android:2.8.4] AndroidManifest.xml:26:13-43
110            android:exported="false" />
110-->[androidx.room:room-runtime-android:2.8.4] AndroidManifest.xml:27:13-37
111
112        <activity
112-->[androidx.compose.ui:ui-tooling-android:1.11.3] AndroidManifest.xml:23:9-25:39
113            android:name="androidx.compose.ui.tooling.PreviewActivity"
113-->[androidx.compose.ui:ui-tooling-android:1.11.3] AndroidManifest.xml:24:13-71
114            android:exported="true" />
114-->[androidx.compose.ui:ui-tooling-android:1.11.3] AndroidManifest.xml:25:13-36
115
116        <uses-library
116-->[androidx.window:window:1.5.0] AndroidManifest.xml:23:9-25:40
117            android:name="androidx.window.extensions"
117-->[androidx.window:window:1.5.0] AndroidManifest.xml:24:13-54
118            android:required="false" />
118-->[androidx.window:window:1.5.0] AndroidManifest.xml:25:13-37
119        <uses-library
119-->[androidx.window:window:1.5.0] AndroidManifest.xml:26:9-28:40
120            android:name="androidx.window.sidecar"
120-->[androidx.window:window:1.5.0] AndroidManifest.xml:27:13-51
121            android:required="false" />
121-->[androidx.window:window:1.5.0] AndroidManifest.xml:28:13-37
122
123        <receiver
123-->[androidx.profileinstaller:profileinstaller:1.4.0] AndroidManifest.xml:34:9-52:20
124            android:name="androidx.profileinstaller.ProfileInstallReceiver"
124-->[androidx.profileinstaller:profileinstaller:1.4.0] AndroidManifest.xml:35:13-76
125            android:directBootAware="false"
125-->[androidx.profileinstaller:profileinstaller:1.4.0] AndroidManifest.xml:36:13-44
126            android:enabled="true"
126-->[androidx.profileinstaller:profileinstaller:1.4.0] AndroidManifest.xml:37:13-35
127            android:exported="true"
127-->[androidx.profileinstaller:profileinstaller:1.4.0] AndroidManifest.xml:38:13-36
128            android:permission="android.permission.DUMP" >
128-->[androidx.profileinstaller:profileinstaller:1.4.0] AndroidManifest.xml:39:13-57
129            <intent-filter>
129-->[androidx.profileinstaller:profileinstaller:1.4.0] AndroidManifest.xml:40:13-42:29
130                <action android:name="androidx.profileinstaller.action.INSTALL_PROFILE" />
130-->[androidx.profileinstaller:profileinstaller:1.4.0] AndroidManifest.xml:41:17-91
130-->[androidx.profileinstaller:profileinstaller:1.4.0] AndroidManifest.xml:41:25-88
131            </intent-filter>
132            <intent-filter>
132-->[androidx.profileinstaller:profileinstaller:1.4.0] AndroidManifest.xml:43:13-45:29
133                <action android:name="androidx.profileinstaller.action.SKIP_FILE" />
133-->[androidx.profileinstaller:profileinstaller:1.4.0] AndroidManifest.xml:44:17-85
133-->[androidx.profileinstaller:profileinstaller:1.4.0] AndroidManifest.xml:44:25-82
134            </intent-filter>
135            <intent-filter>
135-->[androidx.profileinstaller:profileinstaller:1.4.0] AndroidManifest.xml:46:13-48:29
136                <action android:name="androidx.profileinstaller.action.SAVE_PROFILE" />
136-->[androidx.profileinstaller:profileinstaller:1.4.0] AndroidManifest.xml:47:17-88
136-->[androidx.profileinstaller:profileinstaller:1.4.0] AndroidManifest.xml:47:25-85
137            </intent-filter>
138            <intent-filter>
138-->[androidx.profileinstaller:profileinstaller:1.4.0] AndroidManifest.xml:49:13-51:29
139                <action android:name="androidx.profileinstaller.action.BENCHMARK_OPERATION" />
139-->[androidx.profileinstaller:profileinstaller:1.4.0] AndroidManifest.xml:50:17-95
139-->[androidx.profileinstaller:profileinstaller:1.4.0] AndroidManifest.xml:50:25-92
140            </intent-filter>
141        </receiver>
142    </application>
143
144</manifest>